<?xml version="1.0" encoding="UTF-8" ?>
<testsuite errors="0" failures="1" hostname="Candice" name="se3projecta.Model.TheatreSessionTest" skipped="0" tests="3" time="0.469" timestamp="2014-06-18T17:02:41">
  <properties>
    <property name="netbeans.autoupdate.country" value="CN" />
    <property name="javac.test.classpath" value=":build/classes:D:\programming tools\NetBeans\NetBeans 8.0\platform\modules\ext\junit-4.10.jar" />
    <property name="libs.junit.javadoc" value="D:\programming tools\NetBeans\NetBeans 8.0\java\docs\junit-3.8.2-api.zip" />
    <property name="javac.includes" value="se3projecta/Model/TheatreSessionTest.java" />
    <property name="ant.core.lib" value="D:\programming tools\NetBeans\NetBeans 8.0\extide\ant\lib\ant.jar" />
    <property name="javadoc.windowtitle" value="" />
    <property name="user.dir" value="D:\NetBeansProjects\PG 1-Group1_ProjectA\PG 1-Group1_ProjectA\SE3ProjectA" />
    <property name="java.vm.version" value="25.5-b02" />
    <property name="libs.MySQLDriver.classpath" value="D:\programming tools\NetBeans\NetBeans 8.0\ide\modules\ext\mysql-connector-java-5.1.23-bin.jar" />
    <property name="libs.eclipselinkmodelgen.src" value="" />
    <property name="javadoc.notree" value="false" />
    <property name="netbeans.autoupdate.version" value="1.23" />
    <property name="javac.profile.cmd.line.arg" value="" />
    <property name="jdk.home" value="C:\Program Files\Java\jdk1.8.0_05" />
    <property name="libs.javac-api.src" value="" />
    <property name="javadoc.noindex" value="false" />
    <property name="libs.jpa2-persistence.classpath" value="D:\programming tools\NetBeans\NetBeans 8.0\java\modules\ext\hibernate4\hibernate-jpa-2.0-api-1.0.1.Final.jar" />
    <property name="sun.os.patch.level" value="" />
    <property name="do.archive+manifest.available" value="true" />
    <property name="java.vm.specification.name" value="Java Virtual Machine Specification" />
    <property name="nb.show.statistics.ui" value="usageStatisticsEnabled" />
    <property name="netbeans.autoupdate.variant" value="" />
    <property name="have.tests" value="true" />
    <property name="org.xml.sax.driver" value="com.sun.org.apache.xerces.internal.jaxp.SAXParserImpl$JAXPSAXParser" />
    <property name="libs.javac-api.javadoc" value="" />
    <property name="os.name" value="Windows 8" />
    <property name="libs.beans-binding.classpath" value="D:\programming tools\NetBeans\NetBeans 8.0\java\modules\ext\beansbinding-1.2.1.jar" />
    <property name="ap.proc.none.internal" value="" />
    <property name="libs.JWSAntTasks.maven-pom" value="" />
    <property name="jnlp.signing.keystore" value="" />
    <property name="libs.testng.src" value="" />
    <property name="java.vendor.url.bug" value="http://bugreport.sun.com/bugreport/" />
    <property name="libs.jaxb.maven-pom" value="" />
    <property name="os.arch" value="amd64" />
    <property name="libs.eclipselink.src" value="" />
    <property name="user.name" value="Candice" />
    <property name="copylibs.rebase" value="true" />
    <property name="libs.swing-layout.maven-pom" value="" />
    <property name="sun.java.command" value="org.apache.tools.ant.taskdefs.optional.junit.JUnitTestRunner se3projecta.Model.TheatreSessionTest filtertrace=true haltOnError=false haltOnFailure=false showoutput=true outputtoformatters=true logfailedtests=true logtestlistenerevents=true formatter=org.apache.tools.ant.taskdefs.optional.junit.BriefJUnitResultFormatter formatter=org.apache.tools.ant.taskdefs.optional.junit.XMLJUnitResultFormatter,D:\NetBeansProjects\PG 1-Group1_ProjectA\PG 1-Group1_ProjectA\SE3ProjectA\build\test\results\TEST-se3projecta.Model.TheatreSessionTest.xml crashfile=D:\NetBeansProjects\PG 1-Group1_ProjectA\PG 1-Group1_ProjectA\SE3ProjectA\build\junitvmwatcher6852457060745159811.properties propsfile=D:\NetBeansProjects\PG 1-Group1_ProjectA\PG 1-Group1_ProjectA\SE3ProjectA\build\junit2169866461820698947.properties" />
    <property name="build.classes.dir" value="build/classes" />
    <property name="netbeans.accept_license_class" value="org.netbeans.license.AcceptLicense" />
    <property name="jnlp.descriptor" value="application" />
    <property name="build.sysclasspath" value="ignore" />
    <property name="ap.supported.internal" value="true" />
    <property name="libs.jaxws21.javadoc" value="D:\programming tools\NetBeans\NetBeans 8.0\java\docs\jaxws-api-doc.zip" />
    <property name="includes" value="**" />
    <property name="user.country" value="CN" />
    <property name="manifest.file" value="manifest.mf" />
    <property name="javadoc.encoding" value="UTF-8" />
    <property name="javac.classpath" value="" />
    <property name="libs.spring-framework400.classpath" value="D:\programming tools\NetBeans\NetBeans 8.0\ide\modules\org-apache-commons-logging.jar;D:\programming tools\NetBeans\NetBeans 8.0\java\modules\ext\cglib-2.2.jar;D:\programming tools\NetBeans\NetBeans 8.0\java\modules\ext\spring-4\spring-aop-4.0.1.RELEASE.jar;D:\programming tools\NetBeans\NetBeans 8.0\java\modules\ext\spring-4\spring-aspects-4.0.1.RELEASE.jar;D:\programming tools\NetBeans\NetBeans 8.0\java\modules\ext\spring-4\spring-beans-4.0.1.RELEASE.jar;D:\programming tools\NetBeans\NetBeans 8.0\java\modules\ext\spring-4\spring-build-src-4.0.1.RELEASE.jar;D:\programming tools\NetBeans\NetBeans 8.0\java\modules\ext\spring-4\spring-context-4.0.1.RELEASE.jar;D:\programming tools\NetBeans\NetBeans 8.0\java\modules\ext\spring-4\spring-context-support-4.0.1.RELEASE.jar;D:\programming tools\NetBeans\NetBeans 8.0\java\modules\ext\spring-4\spring-core-4.0.1.RELEASE.jar;D:\programming tools\NetBeans\NetBeans 8.0\java\modules\ext\spring-4\spring-expression-4.0.1.RELEASE.jar;D:\programming tools\NetBeans\NetBeans 8.0\java\modules\ext\spring-4\spring-framework-bom-4.0.1.RELEASE.jar;D:\programming tools\NetBeans\NetBeans 8.0\java\modules\ext\spring-4\spring-instrument-4.0.1.RELEASE.jar;D:\programming tools\NetBeans\NetBeans 8.0\java\modules\ext\spring-4\spring-instrument-tomcat-4.0.1.RELEASE.jar;D:\programming tools\NetBeans\NetBeans 8.0\java\modules\ext\spring-4\spring-jdbc-4.0.1.RELEASE.jar;D:\programming tools\NetBeans\NetBeans 8.0\java\modules\ext\spring-4\spring-jms-4.0.1.RELEASE.jar;D:\programming tools\NetBeans\NetBeans 8.0\java\modules\ext\spring-4\spring-messaging-4.0.1.RELEASE.jar;D:\programming tools\NetBeans\NetBeans 8.0\java\modules\ext\spring-4\spring-orm-4.0.1.RELEASE.jar;D:\programming tools\NetBeans\NetBeans 8.0\java\modules\ext\spring-4\spring-oxm-4.0.1.RELEASE.jar;D:\programming tools\NetBeans\NetBeans 8.0\java\modules\ext\spring-4\spring-test-4.0.1.RELEASE.jar;D:\programming tools\NetBeans\NetBeans 8.0\java\modules\ext\spring-4\spring-tx-4.0.1.RELEASE.jar;D:\programming tools\NetBeans\NetBeans 8.0\java\modules\ext\spring-4\spring-web-4.0.1.RELEASE.jar;D:\programming tools\NetBeans\NetBeans 8.0\java\modules\ext\spring-4\spring-webmvc-4.0.1.RELEASE.jar;D:\programming tools\NetBeans\NetBeans 8.0\java\modules\ext\spring-4\spring-webmvc-portlet-4.0.1.RELEASE.jar;D:\programming tools\NetBeans\NetBeans 8.0\java\modules\ext\spring-4\spring-websocket-4.0.1.RELEASE.jar" />
    <property name="debug-transport" value="dt_shmem" />
    <property name="netbeans.home" value="D:\programming tools\NetBeans\NetBeans 8.0\platform" />
    <property name="build.compiler.emacs" value="true" />
    <property name="java.endorsed.dirs" value="C:\Program Files\Java\jdk1.8.0_05\jre\lib\endorsed" />
    <property name="test.includes" value="se3projecta/Model/TheatreSessionTest.java" />
    <property name="netbeans.dynamic.classpath" value="D:\programming tools\NetBeans\NetBeans 8.0\platform\core\core.jar;D:\programming tools\NetBeans\NetBeans 8.0\platform\core\org-openide-filesystems.jar;D:\programming tools\NetBeans\NetBeans 8.0\platform\core\locale\core_ja.jar;D:\programming tools\NetBeans\NetBeans 8.0\platform\core\locale\core_pt_BR.jar;D:\programming tools\NetBeans\NetBeans 8.0\platform\core\locale\core_ru.jar;D:\programming tools\NetBeans\NetBeans 8.0\platform\core\locale\core_zh_CN.jar;D:\programming tools\NetBeans\NetBeans 8.0\platform\core\locale\org-openide-filesystems_ja.jar;D:\programming tools\NetBeans\NetBeans 8.0\platform\core\locale\org-openide-filesystems_pt_BR.jar;D:\programming tools\NetBeans\NetBeans 8.0\platform\core\locale\org-openide-filesystems_ru.jar;D:\programming tools\NetBeans\NetBeans 8.0\platform\core\locale\org-openide-filesystems_zh_CN.jar;D:\programming tools\NetBeans\NetBeans 8.0\nb\core\org-netbeans-upgrader.jar;D:\programming tools\NetBeans\NetBeans 8.0\nb\core\locale\core_nb.jar;D:\programming tools\NetBeans\NetBeans 8.0\nb\core\locale\core_nb_ja.jar;D:\programming tools\NetBeans\NetBeans 8.0\nb\core\locale\core_nb_pt_BR.jar;D:\programming tools\NetBeans\NetBeans 8.0\nb\core\locale\core_nb_ru.jar;D:\programming tools\NetBeans\NetBeans 8.0\nb\core\locale\core_nb_zh_CN.jar;D:\programming tools\NetBeans\NetBeans 8.0\nb\core\locale\org-netbeans-upgrader_ja.jar;D:\programming tools\NetBeans\NetBeans 8.0\nb\core\locale\org-netbeans-upgrader_pt_BR.jar;D:\programming tools\NetBeans\NetBeans 8.0\nb\core\locale\org-netbeans-upgrader_ru.jar;D:\programming tools\NetBeans\NetBeans 8.0\nb\core\locale\org-netbeans-upgrader_zh_CN.jar" />
    <property name="jnlp.enabled" value="false" />
    <property name="java.vm.specification.version" value="1.8" />
    <property name="libs.hibernate4-support.src" value="" />
    <property name="netbeans.productversion" value="NetBeans IDE 8.0 (Build 201403101706)" />
    <property name="libs.jaxws21.src" value="" />
    <property name="application.title" value="SE3ProjectA" />
    <property name="do.archive" value="true" />
    <property name="netbeans.autoupdate.language" value="zh" />
    <property name="java.vendor" value="Oracle Corporation" />
    <property name="jar.index.metainf" value="false" />
    <property name="javac.debug" value="true" />
    <property name="javadoc.splitindex" value="true" />
    <property name="file.separator" value="\" />
    <property name="javac.includesfile.binary" value="D:\NetBeansProjects\PG 1-Group1_ProjectA\PG 1-Group1_ProjectA\SE3ProjectA\null2070057277" />
    <property name="libs.junit_4.maven-pom" value="" />
    <property name="mkdist.disabled" value="false" />
    <property name="javac.test.processorpath" value=":build/classes:D:\programming tools\NetBeans\NetBeans 8.0\platform\modules\ext\junit-4.10.jar" />
    <property name="netbeans.buildnumber" value="201403101706" />
    <property name="libs.JWSAntTasks.javadoc" value="" />
    <property name="build.generated.sources.dir" value="build/generated-sources" />
    <property name="user.variant" value="" />
    <property name="libs.eclipselinkmodelgen.classpath" value="D:\programming tools\NetBeans\NetBeans 8.0\java\modules\ext\eclipselink\org.eclipse.persistence.jpa.modelgen_2.5.1.v20130918-f2b9fc5.jar" />
    <property name="sun.java.launcher" value="SUN_STANDARD" />
    <property name="libs.junit.classpath" value="D:\programming tools\NetBeans\NetBeans 8.0\java\modules\ext\junit-3.8.2.jar" />
    <property name="libs.hibernate4-persistencemodelgen.javadoc" value="" />
    <property name="libs.jaxb.javadoc" value="D:\programming tools\NetBeans\NetBeans 8.0\ide\docs\jaxb-api-doc.zip" />
    <property name="org.openide.awt.SwingBrowserImpl.do-not-block-awt" value="false" />
    <property name="javac.includes.binary" value="D:\NetBeansProjects\PG 1-Group1_ProjectA\PG 1-Group1_ProjectA\SE3ProjectA\build\test\classes\se3projecta\Model\TheatreSessionTest.class" />
    <property name="ant.home" value="D:\programming tools\NetBeans\NetBeans 8.0\extide\ant" />
    <property name="libs.junit_4.src" value="D:\programming tools\NetBeans\NetBeans 8.0\java\docs\junit-4.10-sources.jar" />
    <property name="libs.testng.classpath" value="D:\programming tools\NetBeans\NetBeans 8.0\platform\modules\ext\testng-6.8.1-dist.jar" />
    <property name="libs.absolutelayout.maven-pom" value="" />
    <property name="ant.java.version" value="1.8" />
    <property name="java.library.path" value="C:\Program Files\Java\jdk1.8.0_05\jre\bin;C:\Windows\Sun\Java\bin;C:\Windows\system32;C:\Windows;C:\Program Files (x86)\Intel\iCLS Client\;C:\Program Files\Intel\iCLS Client\;C:\Program Files (x86)\NVIDIA Corporation\PhysX\Common;C:\Windows\system32;C:\Windows;C:\Windows\System32\Wbem;C:\Windows\System32\WindowsPowerShell\v1.0\;C:\Program Files (x86)\Intel\OpenCL SDK\2.0\bin\x86;C:\Program Files (x86)\Intel\OpenCL SDK\2.0\bin\x64;C:\Program Files\Intel\Intel(R) Management Engine Components\DAL;C:\Program Files\Intel\Intel(R) Management Engine Components\IPT;C:\Program Files (x86)\Intel\Intel(R) Management Engine Components\DAL;C:\Program Files (x86)\Intel\Intel(R) Management Engine Components\IPT;C:\Program Files (x86)\Windows Kits\8.1\Windows Performance Toolkit\;C:\Program Files\Microsoft SQL Server\110\Tools\Binn\;." />
    <property name="javadoc.author" value="false" />
    <property name="java.util.logging.config.class" value="org.netbeans.core.startup.TopLogging" />
    <property name="libs.spring-framework400.src" value="" />
    <property name="libs.PostgreSQLDriver.src" value="" />
    <property name="sun.arch.data.model" value="64" />
    <property name="basedir" value="D:\NetBeansProjects\PG 1-Group1_ProjectA\PG 1-Group1_ProjectA\SE3ProjectA" />
    <property name="libs.jpa20-persistence.maven-pom" value="" />
    <property name="jar.compress" value="false" />
    <property name="path.separator" value=";" />
    <property name="ant.junit.enabletestlistenerevents" value="true" />
    <property name="sun.io.unicode.encoding" value="UnicodeLittle" />
    <property name="libs.jaxws21.classpath" value="D:\programming tools\NetBeans\NetBeans 8.0\ide\modules\ext\jaxb\jaxb-impl.jar;D:\programming tools\NetBeans\NetBeans 8.0\ide\modules\ext\jaxb\jaxb-xjc.jar;D:\programming tools\NetBeans\NetBeans 8.0\java\modules\ext\jaxws22\FastInfoset.jar;D:\programming tools\NetBeans\NetBeans 8.0\java\modules\ext\jaxws22\gmbal-api-only.jar;D:\programming tools\NetBeans\NetBeans 8.0\java\modules\ext\jaxws22\ha-api.jar;D:\programming tools\NetBeans\NetBeans 8.0\java\modules\ext\jaxws22\javax.mail_1.4.jar;D:\programming tools\NetBeans\NetBeans 8.0\java\modules\ext\jaxws22\jaxws-rt.jar;D:\programming tools\NetBeans\NetBeans 8.0\java\modules\ext\jaxws22\jaxws-tools.jar;D:\programming tools\NetBeans\NetBeans 8.0\java\modules\ext\jaxws22\management-api.jar;D:\programming tools\NetBeans\NetBeans 8.0\java\modules\ext\jaxws22\mimepull.jar;D:\programming tools\NetBeans\NetBeans 8.0\java\modules\ext\jaxws22\policy.jar;D:\programming tools\NetBeans\NetBeans 8.0\java\modules\ext\jaxws22\saaj-impl.jar;D:\programming tools\NetBeans\NetBeans 8.0\java\modules\ext\jaxws22\stax-ex.jar;D:\programming tools\NetBeans\NetBeans 8.0\java\modules\ext\jaxws22\stax2-api.jar;D:\programming tools\NetBeans\NetBeans 8.0\java\modules\ext\jaxws22\streambuffer.jar;D:\programming tools\NetBeans\NetBeans 8.0\java\modules\ext\jaxws22\woodstox-core-asl.jar;D:\programming tools\NetBeans\NetBeans 8.0\java\modules\ext\jaxws22\api\jaxws-api.jar;D:\programming tools\NetBeans\NetBeans 8.0\java\modules\ext\jaxws22\api\jsr181-api.jar;D:\programming tools\NetBeans\NetBeans 8.0\java\modules\ext\jaxws22\api\javax.annotation.jar;D:\programming tools\NetBeans\NetBeans 8.0\java\modules\ext\jaxws22\api\saaj-api.jar;D:\programming tools\NetBeans\NetBeans 8.0\ide\modules\ext\jaxb\activation.jar;D:\programming tools\NetBeans\NetBeans 8.0\ide\modules\ext\jaxb\api\jaxb-api.jar;D:\programming tools\NetBeans\NetBeans 8.0\ide\modules\ext\jaxb\api\jsr173_1.0_api.jar" />
    <property name="compile.on.save" value="false" />
    <property name="apple.awt.graphics.UseQuartz" value="true" />
    <property name="user.language" value="zh" />
    <property name="testng.mode" value="testng" />
    <property name="libs.JAXB-ENDORSED.maven-pom" value="" />
    <property name="libs.eclipselink.maven-pom" value="" />
    <property name="application.vendor" value="Group 1" />
    <property name="test.binaryincludes" value="&lt;nothing&gt;" />
    <property name="manifest.available" value="true" />
    <property name="libs.spring-framework300.maven-pom" value="" />
    <property name="run.test.classpath" value=":build/classes:D:\programming tools\NetBeans\NetBeans 8.0\platform\modules\ext\junit-4.10.jar:build/test/classes" />
    <property name="ant.project.invoked-targets" value="test-single" />
    <property name="test.binaryexcludes" value="" />
    <property name="libs.swing-layout.javadoc" value="D:\programming tools\NetBeans\NetBeans 8.0\platform\docs\swing-layout-1.0.4-doc.zip" />
    <property name="sun.java2d.dpiaware" value="true" />
    <property name="libs.hibernate4-persistence.maven-pom" value="" />
    <property name="https.nonProxyHosts" value="localhost|127.0.0.1|Candice" />
    <property name="libs.PostgreSQLDriver.maven-pom" value="" />
    <property name="java.class.version" value="52.0" />
    <property name="libs.hibernate4-persistencemodelgen.maven-pom" value="" />
    <property name="libs.eclipselink.javadoc" value="" />
    <property name="ant.file.SE3ProjectA-impl" value="D:\NetBeansProjects\PG 1-Group1_ProjectA\PG 1-Group1_ProjectA\SE3ProjectA\nbproject\build-impl.xml" />
    <property name="user.properties.file" value="C:\Users\Candice\AppData\Roaming\NetBeans\8.0\build.properties" />
    <property name="runtime.encoding" value="UTF-8" />
    <property name="libs.javac-api.maven-pom" value="" />
    <property name="file.encoding.pkg" value="sun.io" />
    <property name="sun.cpu.endian" value="little" />
    <property name="libs.JAXB-ENDORSED.javadoc" value="" />
    <property name="libs.JWSAntTasks.classpath" value="D:\programming tools\NetBeans\NetBeans 8.0\java\ant\extra\org-netbeans-modules-javawebstart-anttasks.jar" />
    <property name="libs.spring-framework300.src" value="" />
    <property name="empty.dir" value="D:\NetBeansProjects\PG 1-Group1_ProjectA\PG 1-Group1_ProjectA\SE3ProjectA\build\empty" />
    <property name="version-output" value="java version &quot;1.8" />
    <property name="test.binarytestincludes" value="" />
    <property name="libs.hibernate4-persistencemodelgen.src" value="" />
    <property name="javadoc.preview" value="true" />
    <property name="libs.jpa20-persistence.javadoc" value="" />
    <property name="java.home" value="C:\Program Files\Java\jdk1.8.0_05\jre" />
    <property name="debug.test.classpath" value=":build/classes:D:\programming tools\NetBeans\NetBeans 8.0\platform\modules\ext\junit-4.10.jar:build/test/classes" />
    <property name="netbeans.importclass" value="org.netbeans.upgrade.AutoUpgrade" />
    <property name="ant.project.default-target" value="default" />
    <property name="annotation.processing.run.all.processors" value="true" />
    <property name="jar.archive.disabled" value="false" />
    <property name="jnlp.signing.alias" value="" />
    <property name="libs.PostgreSQLDriver.javadoc" value="" />
    <property name="ant.file.SE3ProjectA" value="D:\NetBeansProjects\PG 1-Group1_ProjectA\PG 1-Group1_ProjectA\SE3ProjectA\build.xml" />
    <property name="libs.MySQLDriver.maven-pom" value="" />
    <property name="libs.hibernate4-persistence.javadoc" value="" />
    <property name="http.nonProxyHosts" value="localhost|127.0.0.1|Candice" />
    <property name="libs.junit_4.javadoc" value="D:\programming tools\NetBeans\NetBeans 8.0\java\docs\junit-4.10-javadoc.jar" />
    <property name="run.classpath" value=":build/classes" />
    <property name="jna.boot.library.name" value="jnidispatch-340" />
    <property name="sun.awt.datatransfer.timeout" value="1000" />
    <property name="libs.jpa2-persistence.maven-pom" value="" />
    <property name="annotation.processing.enabled.in.editor" value="false" />
    <property name="libs.hibernate4-support.classpath" value="D:\programming tools\NetBeans\NetBeans 8.0\java\modules\ext\hibernate4\antlr-2.7.7.jar;D:\programming tools\NetBeans\NetBeans 8.0\java\modules\ext\hibernate4\c3p0-0.9.2.1.jar;D:\programming tools\NetBeans\NetBeans 8.0\java\modules\ext\hibernate4\hibernate-c3p0-4.2.6.Final.jar;D:\programming tools\NetBeans\NetBeans 8.0\java\modules\ext\hibernate4\dom4j-1.6.1.jar;D:\programming tools\NetBeans\NetBeans 8.0\java\modules\ext\hibernate4\ehcache-core-2.4.3.jar;D:\programming tools\NetBeans\NetBeans 8.0\java\modules\ext\hibernate4\hibernate-ehcache-4.2.6.Final.jar;D:\programming tools\NetBeans\NetBeans 8.0\java\modules\ext\hibernate4\hibernate-core-4.2.6.Final.jar;D:\programming tools\NetBeans\NetBeans 8.0\java\modules\ext\hibernate4\jboss-logging-3.1.0.GA.jar;D:\programming tools\NetBeans\NetBeans 8.0\java\modules\ext\hibernate4\hibernate-commons-annotations-4.0.2.Final.jar;D:\programming tools\NetBeans\NetBeans 8.0\java\modules\ext\hibernate4\hibernate-entitymanager-4.2.6.Final.jar;D:\programming tools\NetBeans\NetBeans 8.0\java\modules\ext\hibernate4\javassist-3.15.0-GA.jar;D:\programming tools\NetBeans\NetBeans 8.0\java\modules\ext\hibernate4\jboss-transaction-api_1.1_spec-1.0.1.Final.jar;D:\programming tools\NetBeans\NetBeans 8.0\java\modules\ext\hibernate4\slf4j-api-1.6.1.jar;D:\programming tools\NetBeans\NetBeans 8.0\java\modules\ext\hibernate4\slf4j-simple-1.6.1.jar" />
    <property name="nb.native.filechooser" value="false" />
    <property name="sun.management.compiler" value="HotSpot 64-Bit Tiered Compilers" />
    <property name="javac.deprecation" value="false" />
    <property name="javadoc.use" value="true" />
    <property name="sun.java2d.noddraw" value="true" />
    <property name="javac.processorpath" value="" />
    <property name="javac.compilerargs" value="-Xlint:all" />
    <property name="svnkit.http.methods" value="Basic" />
    <property name="ant.file" value="D:\NetBeansProjects\PG 1-Group1_ProjectA\PG 1-Group1_ProjectA\SE3ProjectA\build.xml" />
    <property name="libs.beans-binding.maven-pom" value="" />
    <property name="jnlp.codebase.type" value="no.codebase" />
    <property name="libs.hibernate4-support.javadoc" value="" />
    <property name="libs.beans-binding.src" value="" />
    <property name="java.vm.specification.vendor" value="Oracle Corporation" />
    <property name="libs.swing-layout.src" value="D:\programming tools\NetBeans\NetBeans 8.0\platform\docs\swing-layout-1.0.4-src.zip" />
    <property name="org.openide.major.version" value="IDE/1" />
    <property name="java.vm.name" value="Java HotSpot(TM) 64-Bit Server VM" />
    <property name="netbeans.user" value="C:\Users\Candice\AppData\Roaming\NetBeans\8.0" />
    <property name="javadoc.additionalparam" value="" />
    <property name="jnlp.offline-allowed" value="false" />
    <property name="java.io.tmpdir" value="C:\Users\Candice\AppData\Local\Temp\" />
    <property name="java.vendor.url" value="http://java.oracle.com/" />
    <property name="endorsed.classpath.cmd.line.arg" value="" />
    <property name="junit.available" value="true" />
    <property name="org.openide.awt.ActionReference.completion" value="org.netbeans.modules.apisupport.project.layers.PathCompletions" />
    <property name="sun.boot.library.path" value="C:\Program Files\Java\jdk1.8.0_05\jre\bin" />
    <property name="have.sources" value="true" />
    <property name="debug.classpath" value=":build/classes" />
    <property name="javadoc.private" value="false" />
    <property name="test.src.dir" value="test" />
    <property name="ap.processors.internal" value="" />
    <property name="meta.inf.dir" value="src/META-INF" />
    <property name="javadoc.encoding.used" value="UTF-8" />
    <property name="dist.jar" value="dist/SE3ProjectA.jar" />
    <property name="libs.spring-framework400.maven-pom" value="" />
    <property name="java.runtime.name" value="Java(TM) SE Runtime Environment" />
    <property name="ant.project.name" value="SE3ProjectA" />
    <property name="netbeans.hash.code" value="unique=NBJDK_EXTIDE_JAVA_JDK0d82f154f-c7a0-40dd-9413-75db296cc691_c8d544eb-3151-41c8-bc90-60503ba7e1e2" />
    <property name="netbeans.default_userdir_root" value="C:\Users\Candice\AppData\Roaming\NetBeans" />
    <property name="sun.cpu.isalist" value="amd64" />
    <property name="libs.spring-framework400.javadoc" value="" />
    <property name="libs.CopyLibs.javadoc" value="" />
    <property name="org.openide.specification.version" value="6.2" />
    <property name="user.home" value="C:\Users\Candice" />
    <property name="annotation.processing.processors.list" value="" />
    <property name="debug-args-line" value="-Xdebug" />
    <property name="libs.JWSAntTasks.src" value="" />
    <property name="jar.index" value="false" />
    <property name="libs.CopyLibs.maven-pom" value="" />
    <property name="libs.spring-framework300.javadoc" value="" />
    <property name="libs.absolutelayout.javadoc" value="" />
    <property name="java.specification.name" value="Java Platform API Specification" />
    <property name="do.archive+main.class.available" value="true" />
    <property name="jnlp.mixed.code" value="default" />
    <property name="java.specification.vendor" value="Oracle Corporation" />
    <property name="libs.javac-api.classpath" value="D:\programming tools\NetBeans\NetBeans 8.0\java\modules\ext\nb-javac-api.jar" />
    <property name="java.version" value="1.8.0_05" />
    <property name="run.jvmargs.ide" value="" />
    <property name="javadoc.version" value="false" />
    <property name="libs.MySQLDriver.javadoc" value="" />
    <property name="org.openide.version" value="deprecated" />
    <property name="platform.java" value="C:\Program Files\Java\jdk1.8.0_05\jre/bin/java" />
    <property name="source.encoding" value="UTF-8" />
    <property name="ap.cmd.line.internal" value="" />
    <property name="libs.eclipselinkmodelgen.maven-pom" value="" />
    <property name="libs.junit.maven-pom" value="" />
    <property name="libs.eclipselinkmodelgen.javadoc" value="" />
    <property name="netbeans.home+have.tests" value="true" />
    <property name="annotation.processing.processor.options" value="" />
    <property name="libs.testng.maven-pom" value="" />
    <property name="libs.jaxb.src" value="" />
    <property name="work.dir" value="D:\NetBeansProjects\PG 1-Group1_ProjectA\PG 1-Group1_ProjectA\SE3ProjectA" />
    <property name="libs.jaxb.classpath" value="D:\programming tools\NetBeans\NetBeans 8.0\ide\modules\ext\jaxb\jaxb-impl.jar;D:\programming tools\NetBeans\NetBeans 8.0\ide\modules\ext\jaxb\jaxb-xjc.jar;D:\programming tools\NetBeans\NetBeans 8.0\ide\modules\ext\jaxb\jaxb1-impl.jar;D:\programming tools\NetBeans\NetBeans 8.0\ide\modules\ext\jaxb\activation.jar;D:\programming tools\NetBeans\NetBeans 8.0\ide\modules\ext\jaxb\api\jaxb-api.jar;D:\programming tools\NetBeans\NetBeans 8.0\ide\modules\ext\jaxb\api\jsr173_1.0_api.jar" />
    <property name="do.depend" value="false" />
    <property name="dist.javadoc.dir" value="dist/javadoc" />
    <property name="libs.swing-layout.classpath" value="D:\programming tools\NetBeans\NetBeans 8.0\platform\modules\ext\swing-layout-1.0.4.jar" />
    <property name="build.generated.dir" value="build/generated" />
    <property name="javac.source" value="1.6" />
    <property name="line.separator" value="&#xd;&#xa;" />
    <property name="java.specification.version" value="1.8" />
    <property name="libs.jaxws21.maven-pom" value="" />
    <property name="java.vm.info" value="mixed mode" />
    <property name="nb.junit.batch" value="true" />
    <property name="junit.forkmode" value="perTest" />
    <property name="sun.boot.class.path" value="C:\Program Files\Java\jdk1.8.0_05\jre\lib\resources.jar;C:\Program Files\Java\jdk1.8.0_05\jre\lib\rt.jar;C:\Program Files\Java\jdk1.8.0_05\jre\lib\sunrsasign.jar;C:\Program Files\Java\jdk1.8.0_05\jre\lib\jsse.jar;C:\Program Files\Java\jdk1.8.0_05\jre\lib\jce.jar;C:\Program Files\Java\jdk1.8.0_05\jre\lib\charsets.jar;C:\Program Files\Java\jdk1.8.0_05\jre\lib\jfr.jar;C:\Program Files\Java\jdk1.8.0_05\jre\classes" />
    <property name="javac.target" value="1.6" />
    <property name="built-jar.properties" value="D:\NetBeansProjects\PG 1-Group1_ProjectA\PG 1-Group1_ProjectA\SE3ProjectA\build\built-jar.properties" />
    <property name="build.test.classes.dir" value="build/test/classes" />
    <property name="src.dir" value="src" />
    <property name="annotation.processing.enabled" value="true" />
    <property name="libs.jpa2-persistence.src" value="" />
    <property name="sun.awt.keepWorkingSetOnMinimize" value="true" />
    <property name="libs.jpa20-persistence.src" value="" />
    <property name="ignore.failing.tests" value="true" />
    <property name="dist.dir" value="dist" />
    <property name="testng.debug.mode" value="" />
    <property name="javac.fork" value="false" />
    <property name="java.awt.printerjob" value="sun.awt.windows.WPrinterJob" />
    <property name="default.javac.source" value="1.8" />
    <property name="debug-transport-by-os" value="dt_shmem" />
    <property name="libs.MySQLDriver.src" value="" />
    <property name="sun.jnu.encoding" value="GBK" />
    <property name="java.runtime.version" value="1.8.0_05-b13" />
    <property name="build.test.results.dir" value="build/test/results" />
    <property name="default.javac.target" value="1.8" />
    <property name="libs.junit_4.classpath" value="D:\programming tools\NetBeans\NetBeans 8.0\platform\modules\ext\junit-4.10.jar" />
    <property name="user.timezone" value="Australia/Sydney" />
    <property name="nb.junit.single" value="false" />
    <property name="do.jar" value="true" />
    <property name="netbeans.dirs" value="D:\programming tools\NetBeans\NetBeans 8.0\nb;D:\programming tools\NetBeans\NetBeans 8.0\ergonomics;D:\programming tools\NetBeans\NetBeans 8.0\ide;D:\programming tools\NetBeans\NetBeans 8.0\extide;D:\programming tools\NetBeans\NetBeans 8.0\java;D:\programming tools\NetBeans\NetBeans 8.0\apisupport;D:\programming tools\NetBeans\NetBeans 8.0\webcommon;D:\programming tools\NetBeans\NetBeans 8.0\websvccommon;D:\programming tools\NetBeans\NetBeans 8.0\enterprise;D:\programming tools\NetBeans\NetBeans 8.0\mobility;D:\programming tools\NetBeans\NetBeans 8.0\profiler;D:\programming tools\NetBeans\NetBeans 8.0\python;D:\programming tools\NetBeans\NetBeans 8.0\php;D:\programming tools\NetBeans\NetBeans 8.0\identity;D:\programming tools\NetBeans\NetBeans 8.0\harness;D:\programming tools\NetBeans\NetBeans 8.0\cnd;D:\programming tools\NetBeans\NetBeans 8.0\dlight;D:\programming tools\NetBeans\NetBeans 8.0\groovy;D:\programming tools\NetBeans\NetBeans 8.0\extra;D:\programming tools\NetBeans\NetBeans 8.0\javacard;D:\programming tools\NetBeans\NetBeans 8.0\javafx" />
    <property name="java.ext.dirs" value="C:\Program Files\Java\jdk1.8.0_05\jre\lib\ext;C:\Windows\Sun\Java\lib\ext" />
    <property name="endorsed.classpath" value="" />
    <property name="libs.absolutelayout.classpath" value="D:\programming tools\NetBeans\NetBeans 8.0\java\modules\ext\AbsoluteLayout.jar" />
    <property name="excludes" value="" />
    <property name="ant.file.type.SE3ProjectA-impl" value="file" />
    <property name="libs.jpa2-persistence.javadoc" value="" />
    <property name="java.class.path" value="D:\NetBeansProjects\PG 1-Group1_ProjectA\PG 1-Group1_ProjectA\SE3ProjectA\build\classes;D:\programming tools\NetBeans\NetBeans 8.0\platform\modules\ext\junit-4.10.jar;D:\NetBeansProjects\PG 1-Group1_ProjectA\PG 1-Group1_ProjectA\SE3ProjectA\build\test\classes;D:\programming tools\NetBeans\NetBeans 8.0\extide\ant\lib\ant-launcher.jar;D:\programming tools\NetBeans\NetBeans 8.0\extide\ant\lib\ant.jar;D:\programming tools\NetBeans\NetBeans 8.0\extide\ant\lib\ant-junit.jar;D:\programming tools\NetBeans\NetBeans 8.0\extide\ant\lib\ant-junit4.jar" />
    <property name="apple.laf.useScreenMenuBar" value="true" />
    <property name="do.mkdist" value="true" />
    <property name="libs.absolutelayout.src" value="" />
    <property name="libs.jpa20-persistence.classpath" value="D:\programming tools\NetBeans\NetBeans 8.0\java\modules\ext\eclipselink\javax.persistence_2.1.0.v201304241213.jar" />
    <property name="os.version" value="6.2" />
    <property name="application.args" value="" />
    <property name="sun.awt.enableExtraMouseButtons" value="true" />
    <property name="main.class.available" value="true" />
    <property name="sun.desktop" value="windows" />
    <property name="libs.hibernate4-persistence.src" value="" />
    <property name="libs.hibernate4-support.maven-pom" value="" />
    <property name="nb.internal.action.name" value="test.single" />
    <property name="libs.JAXB-ENDORSED.classpath" value="D:\programming tools\NetBeans\NetBeans 8.0\ide\modules\ext\jaxb\api\jaxb-api.jar" />
    <property name="libs.eclipselink.classpath" value="D:\programming tools\NetBeans\NetBeans 8.0\java\modules\ext\eclipselink\eclipselink.jar;D:\programming tools\NetBeans\NetBeans 8.0\java\modules\ext\eclipselink\javax.persistence_2.1.0.v201304241213.jar;D:\programming tools\NetBeans\NetBeans 8.0\java\modules\ext\eclipselink\org.eclipse.persistence.jpa.jpql_2.5.1.v20130918-f2b9fc5.jar" />
    <property name="libs.beans-binding.javadoc" value="D:\programming tools\NetBeans\NetBeans 8.0\java\docs\beansbinding-1.2.1-doc.zip" />
    <property name="java.awt.graphicsenv" value="sun.awt.Win32GraphicsEnvironment" />
    <property name="java.vm.vendor" value="Oracle Corporation" />
    <property name="libs.CopyLibs.classpath" value="D:\programming tools\NetBeans\NetBeans 8.0\java\ant\extra\org-netbeans-modules-java-j2seproject-copylibstask.jar" />
    <property name="libs.spring-framework300.classpath" value="D:\programming tools\NetBeans\NetBeans 8.0\ide\modules\org-apache-commons-logging.jar;D:\programming tools\NetBeans\NetBeans 8.0\java\modules\ext\cglib-2.2.jar;D:\programming tools\NetBeans\NetBeans 8.0\java\modules\ext\spring-3.0\spring-aop-3.2.7.RELEASE.jar;D:\programming tools\NetBeans\NetBeans 8.0\java\modules\ext\spring-3.0\spring-aspects-3.2.7.RELEASE.jar;D:\programming tools\NetBeans\NetBeans 8.0\java\modules\ext\spring-3.0\spring-beans-3.2.7.RELEASE.jar;D:\programming tools\NetBeans\NetBeans 8.0\java\modules\ext\spring-3.0\spring-build-src-3.2.7.RELEASE.jar;D:\programming tools\NetBeans\NetBeans 8.0\java\modules\ext\spring-3.0\spring-context-3.2.7.RELEASE.jar;D:\programming tools\NetBeans\NetBeans 8.0\java\modules\ext\spring-3.0\spring-context-support-3.2.7.RELEASE.jar;D:\programming tools\NetBeans\NetBeans 8.0\java\modules\ext\spring-3.0\spring-core-3.2.7.RELEASE.jar;D:\programming tools\NetBeans\NetBeans 8.0\java\modules\ext\spring-3.0\spring-expression-3.2.7.RELEASE.jar;D:\programming tools\NetBeans\NetBeans 8.0\java\modules\ext\spring-3.0\spring-framework-bom-3.2.7.RELEASE.jar;D:\programming tools\NetBeans\NetBeans 8.0\java\modules\ext\spring-3.0\spring-instrument-3.2.7.RELEASE.jar;D:\programming tools\NetBeans\NetBeans 8.0\java\modules\ext\spring-3.0\spring-instrument-tomcat-3.2.7.RELEASE.jar;D:\programming tools\NetBeans\NetBeans 8.0\java\modules\ext\spring-3.0\spring-jdbc-3.2.7.RELEASE.jar;D:\programming tools\NetBeans\NetBeans 8.0\java\modules\ext\spring-3.0\spring-jms-3.2.7.RELEASE.jar;D:\programming tools\NetBeans\NetBeans 8.0\java\modules\ext\spring-3.0\spring-orm-3.2.7.RELEASE.jar;D:\programming tools\NetBeans\NetBeans 8.0\java\modules\ext\spring-3.0\spring-oxm-3.2.7.RELEASE.jar;D:\programming tools\NetBeans\NetBeans 8.0\java\modules\ext\spring-3.0\spring-struts-3.2.7.RELEASE.jar;D:\programming tools\NetBeans\NetBeans 8.0\java\modules\ext\spring-3.0\spring-test-3.2.7.RELEASE.jar;D:\programming tools\NetBeans\NetBeans 8.0\java\modules\ext\spring-3.0\spring-tx-3.2.7.RELEASE.jar;D:\programming tools\NetBeans\NetBeans 8.0\java\modules\ext\spring-3.0\spring-web-3.2.7.RELEASE.jar;D:\programming tools\NetBeans\NetBeans 8.0\java\modules\ext\spring-3.0\spring-webmvc-3.2.7.RELEASE.jar;D:\programming tools\NetBeans\NetBeans 8.0\java\modules\ext\spring-3.0\spring-webmvc-portlet-3.2.7.RELEASE.jar" />
    <property name="run.jvmargs" value="" />
    <property name="libs.hibernate4-persistence.classpath" value="D:\programming tools\NetBeans\NetBeans 8.0\java\modules\ext\hibernate4\antlr-2.7.7.jar;D:\programming tools\NetBeans\NetBeans 8.0\java\modules\ext\hibernate4\c3p0-0.9.2.1.jar;D:\programming tools\NetBeans\NetBeans 8.0\java\modules\ext\hibernate4\hibernate-c3p0-4.2.6.Final.jar;D:\programming tools\NetBeans\NetBeans 8.0\java\modules\ext\hibernate4\dom4j-1.6.1.jar;D:\programming tools\NetBeans\NetBeans 8.0\java\modules\ext\hibernate4\ehcache-core-2.4.3.jar;D:\programming tools\NetBeans\NetBeans 8.0\java\modules\ext\hibernate4\hibernate-ehcache-4.2.6.Final.jar;D:\programming tools\NetBeans\NetBeans 8.0\java\modules\ext\hibernate4\hibernate-core-4.2.6.Final.jar;D:\programming tools\NetBeans\NetBeans 8.0\java\modules\ext\hibernate4\jboss-logging-3.1.0.GA.jar;D:\programming tools\NetBeans\NetBeans 8.0\java\modules\ext\hibernate4\hibernate-commons-annotations-4.0.2.Final.jar;D:\programming tools\NetBeans\NetBeans 8.0\java\modules\ext\hibernate4\hibernate-entitymanager-4.2.6.Final.jar;D:\programming tools\NetBeans\NetBeans 8.0\java\modules\ext\hibernate4\javassist-3.15.0-GA.jar;D:\programming tools\NetBeans\NetBeans 8.0\java\modules\ext\hibernate4\jboss-transaction-api_1.1_spec-1.0.1.Final.jar;D:\programming tools\NetBeans\NetBeans 8.0\java\modules\ext\hibernate4\slf4j-api-1.6.1.jar;D:\programming tools\NetBeans\NetBeans 8.0\java\modules\ext\hibernate4\slf4j-simple-1.6.1.jar;D:\programming tools\NetBeans\NetBeans 8.0\java\modules\ext\hibernate4\hibernate-jpa-2.0-api-1.0.1.Final.jar" />
    <property name="libs.JAXB-ENDORSED.src" value="" />
    <property name="ant.file.type.SE3ProjectA" value="file" />
    <property name="libs.testng.javadoc" value="D:\programming tools\NetBeans\NetBeans 8.0\platform\docs\testng-6.8.1-javadoc.zip" />
    <property name="user.script" value="" />
    <property name="libs.PostgreSQLDriver.classpath" value="D:\programming tools\NetBeans\NetBeans 8.0\ide\modules\ext\postgresql-9.2-1002.jdbc4.jar" />
    <property name="jnlp.signing" value="" />
    <property name="libs.hibernate4-persistencemodelgen.classpath" value="D:\programming tools\NetBeans\NetBeans 8.0\java\modules\ext\hibernate4\hibernate-jpamodelgen-1.3.0.Final.jar" />
    <property name="libs.junit.src" value="" />
    <property name="annotation.processing.source.output" value="build/generated-sources/ap-source-output" />
    <property name="jnlp.signed" value="false" />
    <property name="main.class" value="se3projecta.SE3ProjectA" />
    <property name="libs.CopyLibs.src" value="" />
    <property name="build.dir" value="build" />
    <property name="ant.version" value="Apache Ant(TM) version 1.9.2 compiled on July 8 2013" />
    <property name="file.encoding" value="GBK" />
    <property name="build.classes.excludes" value="**/*.java,**/*.form" />
    <property name="jdkBug6558476" value="false" />
    <property name="javadoc.nonavbar" value="false" />
    <property name="platform.active" value="default_platform" />
    <property name="awt.toolkit" value="sun.awt.windows.WToolkit" />
  </properties>
  <testcase classname="se3projecta.Model.TheatreSessionTest" name="testContiguousAllocation" time="0.062" />
  <testcase classname="se3projecta.Model.TheatreSessionTest" name="testNonIsolation" time="0.031">
    <failure message="expected:&lt;true&gt; but was:&lt;false&gt;" type="junit.framework.AssertionFailedError">junit.framework.AssertionFailedError: expected:&lt;true&gt; but was:&lt;false&gt;
	at se3projecta.Model.TheatreSessionTest.testNonIsolation(TheatreSessionTest.java:328)
	at se3projecta.Model.TheatreSessionTest.testNonIsolation(TheatreSessionTest.java:247)
</failure>
  </testcase>
  <testcase classname="se3projecta.Model.TheatreSessionTest" name="testSeatType" time="0.079" />
  <system-out><![CDATA[Random Allocation of Seats Test Suite

Test Contiguous Allocation
	Test Case: session number 0, seat type Bronze, number of seats 60
	Test Case: session number 1, seat type Bronze, number of seats 10
	Test Case: session number 2, seat type Bronze, number of seats 69
	Test Case: session number 3, seat type Bronze, number of seats 13
	Test Case: session number 4, seat type Bronze, number of seats 43
	Test Case: session number 5, seat type Bronze, number of seats 80
	Test Case: session number 6, seat type Bronze, number of seats 66
	Test Case: session number 7, seat type Bronze, number of seats 27
	Test Case: session number 8, seat type Bronze, number of seats 36
	Test Case: session number 9, seat type Bronze, number of seats 78
	Test Case: session number 10, seat type Bronze, number of seats 12
	Test Case: session number 11, seat type Bronze, number of seats 22
	Test Case: session number 12, seat type Bronze, number of seats 26
	Test Case: session number 13, seat type Bronze, number of seats 45
	Test Case: session number 14, seat type Bronze, number of seats 52
	Test Case: session number 15, seat type Bronze, number of seats 66
	Test Case: session number 16, seat type Bronze, number of seats 21
	Test Case: session number 17, seat type Bronze, number of seats 0
	Test Case: session number 18, seat type Bronze, number of seats 66
	Test Case: session number 19, seat type Bronze, number of seats 20
	Test Case: session number 20, seat type Bronze, number of seats 18

	Test Case: session number 0, seat type Silver, number of seats 85
	Test Case: session number 1, seat type Silver, number of seats 89
	Test Case: session number 2, seat type Silver, number of seats 80
	Test Case: session number 3, seat type Silver, number of seats 71
	Test Case: session number 4, seat type Silver, number of seats 44
	Test Case: session number 5, seat type Silver, number of seats 5
	Test Case: session number 6, seat type Silver, number of seats 3
	Test Case: session number 7, seat type Silver, number of seats 24
	Test Case: session number 8, seat type Silver, number of seats 51
	Test Case: session number 9, seat type Silver, number of seats 54
	Test Case: session number 10, seat type Silver, number of seats 65
	Test Case: session number 11, seat type Silver, number of seats 50
	Test Case: session number 12, seat type Silver, number of seats 64
	Test Case: session number 13, seat type Silver, number of seats 64
	Test Case: session number 14, seat type Silver, number of seats 12
	Test Case: session number 15, seat type Silver, number of seats 55
	Test Case: session number 16, seat type Silver, number of seats 29
	Test Case: session number 17, seat type Silver, number of seats 21
	Test Case: session number 18, seat type Silver, number of seats 57
	Test Case: session number 19, seat type Silver, number of seats 88
	Test Case: session number 20, seat type Silver, number of seats 63

	Test Case: session number 0, seat type Gold, number of seats 26
	Test Case: session number 1, seat type Gold, number of seats 6
	Test Case: session number 2, seat type Gold, number of seats 35
	Test Case: session number 3, seat type Gold, number of seats 36
	Test Case: session number 4, seat type Gold, number of seats 14
	Test Case: session number 5, seat type Gold, number of seats 6
	Test Case: session number 6, seat type Gold, number of seats 12
	Test Case: session number 7, seat type Gold, number of seats 26
	Test Case: session number 8, seat type Gold, number of seats 32
	Test Case: session number 9, seat type Gold, number of seats 12
	Test Case: session number 10, seat type Gold, number of seats 6
	Test Case: session number 11, seat type Gold, number of seats 9
	Test Case: session number 12, seat type Gold, number of seats 30
	Test Case: session number 13, seat type Gold, number of seats 22
	Test Case: session number 14, seat type Gold, number of seats 14
	Test Case: session number 15, seat type Gold, number of seats 13
	Test Case: session number 16, seat type Gold, number of seats 40
	Test Case: session number 17, seat type Gold, number of seats 19
	Test Case: session number 18, seat type Gold, number of seats 35
	Test Case: session number 19, seat type Gold, number of seats 41
	Test Case: session number 20, seat type Gold, number of seats 6
End Test Contiguous Allocation


Test Non Isolation
	Test Case: session number 0, seat type Bronze, number of seats 2
7 20
7 21
	Test Case: session number 0, seat type Bronze, number of seats 3
0 19
0 20
0 21
	Test Case: session number 0, seat type Bronze, number of seats 4
2 0
2 1
2 2
2 3
	Test Case: session number 0, seat type Bronze, number of seats 5
3 17
3 18
3 19
3 20
3 21
	Test Case: session number 0, seat type Bronze, number of seats 6
4 2
4 3
4 4
4 5
4 6
4 7
	Test Case: session number 0, seat type Bronze, number of seats 7
3 1
3 2
3 3
3 4
3 5
3 6
3 7
	Test Case: session number 0, seat type Bronze, number of seats 8
4 14
4 15
4 16
4 17
4 18
4 19
4 20
4 21
	Test Case: session number 0, seat type Bronze, number of seats 9
3 14
3 15
3 16
3 17
3 18
3 19
3 20
3 21
3 22
	Test Case: session number 0, seat type Bronze, number of seats 10
3 2
3 3
3 4
3 5
3 6
3 14
3 15
3 16
3 17
3 18
	Test Case: session number 0, seat type Bronze, number of seats 11
3 4
3 5
3 6
3 7
3 8
3 15
3 16
3 17
3 18
3 19
7 22
A: 7 22

Test Seat Type
	Test Case: session number 0, seat type Bronze, number of seats 23
	Test Case: session number 1, seat type Bronze, number of seats 2
	Test Case: session number 2, seat type Bronze, number of seats 65
	Test Case: session number 3, seat type Bronze, number of seats 79
	Test Case: session number 4, seat type Bronze, number of seats 49
	Test Case: session number 5, seat type Bronze, number of seats 32
	Test Case: session number 6, seat type Bronze, number of seats 16
	Test Case: session number 7, seat type Bronze, number of seats 13
	Test Case: session number 8, seat type Bronze, number of seats 57
	Test Case: session number 9, seat type Bronze, number of seats 63
	Test Case: session number 10, seat type Bronze, number of seats 15
	Test Case: session number 11, seat type Bronze, number of seats 42
	Test Case: session number 12, seat type Bronze, number of seats 82
	Test Case: session number 13, seat type Bronze, number of seats 39
	Test Case: session number 14, seat type Bronze, number of seats 38
	Test Case: session number 15, seat type Bronze, number of seats 21
	Test Case: session number 16, seat type Bronze, number of seats 20
	Test Case: session number 17, seat type Bronze, number of seats 22
	Test Case: session number 18, seat type Bronze, number of seats 80
	Test Case: session number 19, seat type Bronze, number of seats 46
	Test Case: session number 20, seat type Bronze, number of seats 18

	Test Case: session number 0, seat type Silver, number of seats 50
	Test Case: session number 1, seat type Silver, number of seats 9
	Test Case: session number 2, seat type Silver, number of seats 50
	Test Case: session number 3, seat type Silver, number of seats 38
	Test Case: session number 4, seat type Silver, number of seats 67
	Test Case: session number 5, seat type Silver, number of seats 80
	Test Case: session number 6, seat type Silver, number of seats 72
	Test Case: session number 7, seat type Silver, number of seats 60
	Test Case: session number 8, seat type Silver, number of seats 61
	Test Case: session number 9, seat type Silver, number of seats 29
	Test Case: session number 10, seat type Silver, number of seats 29
	Test Case: session number 11, seat type Silver, number of seats 21
	Test Case: session number 12, seat type Silver, number of seats 77
	Test Case: session number 13, seat type Silver, number of seats 15
	Test Case: session number 14, seat type Silver, number of seats 9
	Test Case: session number 15, seat type Silver, number of seats 51
	Test Case: session number 16, seat type Silver, number of seats 83
	Test Case: session number 17, seat type Silver, number of seats 46
	Test Case: session number 18, seat type Silver, number of seats 77
	Test Case: session number 19, seat type Silver, number of seats 45
	Test Case: session number 20, seat type Silver, number of seats 32

	Test Case: session number 0, seat type Gold, number of seats 6
	Test Case: session number 1, seat type Gold, number of seats 31
	Test Case: session number 2, seat type Gold, number of seats 20
	Test Case: session number 3, seat type Gold, number of seats 17
	Test Case: session number 4, seat type Gold, number of seats 19
	Test Case: session number 5, seat type Gold, number of seats 2
	Test Case: session number 6, seat type Gold, number of seats 35
	Test Case: session number 7, seat type Gold, number of seats 14
	Test Case: session number 8, seat type Gold, number of seats 38
	Test Case: session number 9, seat type Gold, number of seats 10
	Test Case: session number 10, seat type Gold, number of seats 16
	Test Case: session number 11, seat type Gold, number of seats 1
	Test Case: session number 12, seat type Gold, number of seats 40
	Test Case: session number 13, seat type Gold, number of seats 17
	Test Case: session number 14, seat type Gold, number of seats 30
	Test Case: session number 15, seat type Gold, number of seats 7
	Test Case: session number 16, seat type Gold, number of seats 5
	Test Case: session number 17, seat type Gold, number of seats 11
	Test Case: session number 18, seat type Gold, number of seats 38
	Test Case: session number 19, seat type Gold, number of seats 3
	Test Case: session number 20, seat type Gold, number of seats 1
End Test Seat Type

]]></system-out>
  <system-err><![CDATA[]]></system-err>
</testsuite>
